--------------------------------------------------------------------------------
Release 14.7 Trace  (nt64)
Copyright (c) 1995-2013 Xilinx, Inc.  All rights reserved.

C:\Xilinx\14.7\ISE_DS\ISE\bin\nt64\unwrapped\trce.exe -intstyle ise -o
mojo_top_0.twr -v 30 -l 30 mojo_top_0_routed.ncd mojo_top_0.pcf

Design file:              mojo_top_0_routed.ncd
Physical constraint file: mojo_top_0.pcf
Device,package,speed:     xc6slx9,tqg144,C,-2 (PRODUCTION 1.23 2013-10-13)
Report level:             verbose report, limited to 30 items per constraint

Environment Variable      Effect 
--------------------      ------ 
NONE                      No environment variables were set
--------------------------------------------------------------------------------

INFO:Timing:3412 - To improve timing, see the Timing Closure User Guide (UG612).
INFO:Timing:2752 - To get complete path coverage, use the unconstrained paths 
   option. All paths that are not constrained will be reported in the 
   unconstrained paths section(s) of the report.
INFO:Timing:3339 - The clock-to-out numbers in this timing report are based on 
   a 50 Ohm transmission line loading model.  For the details of this model, 
   and for more information on accounting for different loading conditions, 
   please see the device datasheet.

================================================================================
Timing constraint: TS_clk = PERIOD TIMEGRP "clk" 50 MHz HIGH 50%;
For more information, see Period Analysis in the Timing Closure User Guide (UG612).

 9 paths analyzed, 9 endpoints analyzed, 0 failing endpoints
 0 timing errors detected. (0 setup errors, 0 hold errors, 0 component switching limit errors)
 Minimum period is   2.666ns.
--------------------------------------------------------------------------------
Slack:                  18.339ns (requirement - (data path - clock path skew + uncertainty))
  Source:               reset_cond/M_stage_q_3 (FF)
  Destination:          M_s_q_FSM_FFd2 (FF)
  Requirement:          20.000ns
  Data Path Delay:      1.615ns (Levels of Logic = 0)
  Clock Path Skew:      -0.011ns (0.194 - 0.205)
  Source Clock:         clk_BUFGP rising at 0.000ns
  Destination Clock:    clk_BUFGP rising at 20.000ns
  Clock Uncertainty:    0.035ns

  Clock Uncertainty:          0.035ns  ((TSJ^2 + TIJ^2)^1/2 + DJ) / 2 + PE
    Total System Jitter (TSJ):  0.070ns
    Total Input Jitter (TIJ):   0.000ns
    Discrete Jitter (DJ):       0.000ns
    Phase Error (PE):           0.000ns

  Maximum Data Path at Slow Process Corner: reset_cond/M_stage_q_3 to M_s_q_FSM_FFd2
    Location             Delay type         Delay(ns)  Physical Resource
                                                       Logical Resource(s)
    -------------------------------------------------  -------------------
    SLICE_X7Y13.AMUX     Tshcko                0.518   reset_cond/M_stage_q[2]
                                                       reset_cond/M_stage_q_3
    SLICE_X6Y13.SR       net (fanout=1)        0.668   M_reset_cond_out
    SLICE_X6Y13.CLK      Tsrck                 0.429   M_s_q_FSM_FFd2
                                                       M_s_q_FSM_FFd2
    -------------------------------------------------  ---------------------------
    Total                                      1.615ns (0.947ns logic, 0.668ns route)
                                                       (58.6% logic, 41.4% route)

--------------------------------------------------------------------------------
Slack:                  18.350ns (requirement - (data path - clock path skew + uncertainty))
  Source:               reset_cond/M_stage_q_3 (FF)
  Destination:          M_s_q_FSM_FFd1 (FF)
  Requirement:          20.000ns
  Data Path Delay:      1.604ns (Levels of Logic = 0)
  Clock Path Skew:      -0.011ns (0.194 - 0.205)
  Source Clock:         clk_BUFGP rising at 0.000ns
  Destination Clock:    clk_BUFGP rising at 20.000ns
  Clock Uncertainty:    0.035ns

  Clock Uncertainty:          0.035ns  ((TSJ^2 + TIJ^2)^1/2 + DJ) / 2 + PE
    Total System Jitter (TSJ):  0.070ns
    Total Input Jitter (TIJ):   0.000ns
    Discrete Jitter (DJ):       0.000ns
    Phase Error (PE):           0.000ns

  Maximum Data Path at Slow Process Corner: reset_cond/M_stage_q_3 to M_s_q_FSM_FFd1
    Location             Delay type         Delay(ns)  Physical Resource
                                                       Logical Resource(s)
    -------------------------------------------------  -------------------
    SLICE_X7Y13.AMUX     Tshcko                0.518   reset_cond/M_stage_q[2]
                                                       reset_cond/M_stage_q_3
    SLICE_X6Y13.SR       net (fanout=1)        0.668   M_reset_cond_out
    SLICE_X6Y13.CLK      Tsrck                 0.418   M_s_q_FSM_FFd2
                                                       M_s_q_FSM_FFd1
    -------------------------------------------------  ---------------------------
    Total                                      1.604ns (0.936ns logic, 0.668ns route)
                                                       (58.4% logic, 41.6% route)

--------------------------------------------------------------------------------
Slack:                  18.496ns (requirement - (data path - clock path skew + uncertainty))
  Source:               reset_cond/M_stage_q_1 (FF)
  Destination:          reset_cond/M_stage_q_2 (FF)
  Requirement:          20.000ns
  Data Path Delay:      1.469ns (Levels of Logic = 0)
  Clock Path Skew:      0.000ns
  Source Clock:         clk_BUFGP rising at 0.000ns
  Destination Clock:    clk_BUFGP rising at 20.000ns
  Clock Uncertainty:    0.035ns

  Clock Uncertainty:          0.035ns  ((TSJ^2 + TIJ^2)^1/2 + DJ) / 2 + PE
    Total System Jitter (TSJ):  0.070ns
    Total Input Jitter (TIJ):   0.000ns
    Discrete Jitter (DJ):       0.000ns
    Phase Error (PE):           0.000ns

  Maximum Data Path at Slow Process Corner: reset_cond/M_stage_q_1 to reset_cond/M_stage_q_2
    Location             Delay type         Delay(ns)  Physical Resource
                                                       Logical Resource(s)
    -------------------------------------------------  -------------------
    SLICE_X7Y13.BQ       Tcko                  0.430   reset_cond/M_stage_q[2]
                                                       reset_cond/M_stage_q_1
    SLICE_X7Y13.CX       net (fanout=1)        0.925   reset_cond/M_stage_q[1]
    SLICE_X7Y13.CLK      Tdick                 0.114   reset_cond/M_stage_q[2]
                                                       reset_cond/M_stage_q_2
    -------------------------------------------------  ---------------------------
    Total                                      1.469ns (0.544ns logic, 0.925ns route)
                                                       (37.0% logic, 63.0% route)

--------------------------------------------------------------------------------
Slack:                  18.532ns (requirement - (data path - clock path skew + uncertainty))
  Source:               reset_cond/M_stage_q_0 (FF)
  Destination:          reset_cond/M_stage_q_1 (FF)
  Requirement:          20.000ns
  Data Path Delay:      1.433ns (Levels of Logic = 0)
  Clock Path Skew:      0.000ns
  Source Clock:         clk_BUFGP rising at 0.000ns
  Destination Clock:    clk_BUFGP rising at 20.000ns
  Clock Uncertainty:    0.035ns

  Clock Uncertainty:          0.035ns  ((TSJ^2 + TIJ^2)^1/2 + DJ) / 2 + PE
    Total System Jitter (TSJ):  0.070ns
    Total Input Jitter (TIJ):   0.000ns
    Discrete Jitter (DJ):       0.000ns
    Phase Error (PE):           0.000ns

  Maximum Data Path at Slow Process Corner: reset_cond/M_stage_q_0 to reset_cond/M_stage_q_1
    Location             Delay type         Delay(ns)  Physical Resource
                                                       Logical Resource(s)
    -------------------------------------------------  -------------------
    SLICE_X7Y13.AQ       Tcko                  0.430   reset_cond/M_stage_q[2]
                                                       reset_cond/M_stage_q_0
    SLICE_X7Y13.BX       net (fanout=1)        0.889   reset_cond/M_stage_q[0]
    SLICE_X7Y13.CLK      Tdick                 0.114   reset_cond/M_stage_q[2]
                                                       reset_cond/M_stage_q_1
    -------------------------------------------------  ---------------------------
    Total                                      1.433ns (0.544ns logic, 0.889ns route)
                                                       (38.0% logic, 62.0% route)

--------------------------------------------------------------------------------
Slack:                  18.568ns (requirement - (data path - clock path skew + uncertainty))
  Source:               M_s_q_FSM_FFd1 (FF)
  Destination:          M_s_q_FSM_FFd2 (FF)
  Requirement:          20.000ns
  Data Path Delay:      1.397ns (Levels of Logic = 1)
  Clock Path Skew:      0.000ns
  Source Clock:         clk_BUFGP rising at 0.000ns
  Destination Clock:    clk_BUFGP rising at 20.000ns
  Clock Uncertainty:    0.035ns

  Clock Uncertainty:          0.035ns  ((TSJ^2 + TIJ^2)^1/2 + DJ) / 2 + PE
    Total System Jitter (TSJ):  0.070ns
    Total Input Jitter (TIJ):   0.000ns
    Discrete Jitter (DJ):       0.000ns
    Phase Error (PE):           0.000ns

  Maximum Data Path at Slow Process Corner: M_s_q_FSM_FFd1 to M_s_q_FSM_FFd2
    Location             Delay type         Delay(ns)  Physical Resource
                                                       Logical Resource(s)
    -------------------------------------------------  -------------------
    SLICE_X6Y13.AQ       Tcko                  0.476   M_s_q_FSM_FFd2
                                                       M_s_q_FSM_FFd1
    SLICE_X6Y13.B2       net (fanout=9)        0.572   M_s_q_FSM_FFd1
    SLICE_X6Y13.CLK      Tas                   0.349   M_s_q_FSM_FFd2
                                                       M_s_q_FSM_FFd2-In1
                                                       M_s_q_FSM_FFd2
    -------------------------------------------------  ---------------------------
    Total                                      1.397ns (0.825ns logic, 0.572ns route)
                                                       (59.1% logic, 40.9% route)

--------------------------------------------------------------------------------
Slack:                  18.615ns (requirement - (data path - clock path skew + uncertainty))
  Source:               M_s_q_FSM_FFd2 (FF)
  Destination:          M_s_q_FSM_FFd1 (FF)
  Requirement:          20.000ns
  Data Path Delay:      1.350ns (Levels of Logic = 1)
  Clock Path Skew:      0.000ns
  Source Clock:         clk_BUFGP rising at 0.000ns
  Destination Clock:    clk_BUFGP rising at 20.000ns
  Clock Uncertainty:    0.035ns

  Clock Uncertainty:          0.035ns  ((TSJ^2 + TIJ^2)^1/2 + DJ) / 2 + PE
    Total System Jitter (TSJ):  0.070ns
    Total Input Jitter (TIJ):   0.000ns
    Discrete Jitter (DJ):       0.000ns
    Phase Error (PE):           0.000ns

  Maximum Data Path at Slow Process Corner: M_s_q_FSM_FFd2 to M_s_q_FSM_FFd1
    Location             Delay type         Delay(ns)  Physical Resource
                                                       Logical Resource(s)
    -------------------------------------------------  -------------------
    SLICE_X6Y13.BQ       Tcko                  0.476   M_s_q_FSM_FFd2
                                                       M_s_q_FSM_FFd2
    SLICE_X6Y13.A2       net (fanout=9)        0.525   M_s_q_FSM_FFd2
    SLICE_X6Y13.CLK      Tas                   0.349   M_s_q_FSM_FFd2
                                                       M_s_q_FSM_FFd1-In1
                                                       M_s_q_FSM_FFd1
    -------------------------------------------------  ---------------------------
    Total                                      1.350ns (0.825ns logic, 0.525ns route)
                                                       (61.1% logic, 38.9% route)

--------------------------------------------------------------------------------
Slack:                  18.878ns (requirement - (data path - clock path skew + uncertainty))
  Source:               M_s_q_FSM_FFd2 (FF)
  Destination:          M_s_q_FSM_FFd2 (FF)
  Requirement:          20.000ns
  Data Path Delay:      1.087ns (Levels of Logic = 1)
  Clock Path Skew:      0.000ns
  Source Clock:         clk_BUFGP rising at 0.000ns
  Destination Clock:    clk_BUFGP rising at 20.000ns
  Clock Uncertainty:    0.035ns

  Clock Uncertainty:          0.035ns  ((TSJ^2 + TIJ^2)^1/2 + DJ) / 2 + PE
    Total System Jitter (TSJ):  0.070ns
    Total Input Jitter (TIJ):   0.000ns
    Discrete Jitter (DJ):       0.000ns
    Phase Error (PE):           0.000ns

  Maximum Data Path at Slow Process Corner: M_s_q_FSM_FFd2 to M_s_q_FSM_FFd2
    Location             Delay type         Delay(ns)  Physical Resource
                                                       Logical Resource(s)
    -------------------------------------------------  -------------------
    SLICE_X6Y13.BQ       Tcko                  0.476   M_s_q_FSM_FFd2
                                                       M_s_q_FSM_FFd2
    SLICE_X6Y13.B5       net (fanout=9)        0.262   M_s_q_FSM_FFd2
    SLICE_X6Y13.CLK      Tas                   0.349   M_s_q_FSM_FFd2
                                                       M_s_q_FSM_FFd2-In1
                                                       M_s_q_FSM_FFd2
    -------------------------------------------------  ---------------------------
    Total                                      1.087ns (0.825ns logic, 0.262ns route)
                                                       (75.9% logic, 24.1% route)

--------------------------------------------------------------------------------
Slack:                  18.968ns (requirement - (data path - clock path skew + uncertainty))
  Source:               M_s_q_FSM_FFd1 (FF)
  Destination:          M_s_q_FSM_FFd1 (FF)
  Requirement:          20.000ns
  Data Path Delay:      0.997ns (Levels of Logic = 1)
  Clock Path Skew:      0.000ns
  Source Clock:         clk_BUFGP rising at 0.000ns
  Destination Clock:    clk_BUFGP rising at 20.000ns
  Clock Uncertainty:    0.035ns

  Clock Uncertainty:          0.035ns  ((TSJ^2 + TIJ^2)^1/2 + DJ) / 2 + PE
    Total System Jitter (TSJ):  0.070ns
    Total Input Jitter (TIJ):   0.000ns
    Discrete Jitter (DJ):       0.000ns
    Phase Error (PE):           0.000ns

  Maximum Data Path at Slow Process Corner: M_s_q_FSM_FFd1 to M_s_q_FSM_FFd1
    Location             Delay type         Delay(ns)  Physical Resource
                                                       Logical Resource(s)
    -------------------------------------------------  -------------------
    SLICE_X6Y13.AQ       Tcko                  0.476   M_s_q_FSM_FFd2
                                                       M_s_q_FSM_FFd1
    SLICE_X6Y13.A6       net (fanout=9)        0.172   M_s_q_FSM_FFd1
    SLICE_X6Y13.CLK      Tas                   0.349   M_s_q_FSM_FFd2
                                                       M_s_q_FSM_FFd1-In1
                                                       M_s_q_FSM_FFd1
    -------------------------------------------------  ---------------------------
    Total                                      0.997ns (0.825ns logic, 0.172ns route)
                                                       (82.7% logic, 17.3% route)

--------------------------------------------------------------------------------
Slack:                  18.969ns (requirement - (data path - clock path skew + uncertainty))
  Source:               reset_cond/M_stage_q_2 (FF)
  Destination:          reset_cond/M_stage_q_3 (FF)
  Requirement:          20.000ns
  Data Path Delay:      0.996ns (Levels of Logic = 1)
  Clock Path Skew:      0.000ns
  Source Clock:         clk_BUFGP rising at 0.000ns
  Destination Clock:    clk_BUFGP rising at 20.000ns
  Clock Uncertainty:    0.035ns

  Clock Uncertainty:          0.035ns  ((TSJ^2 + TIJ^2)^1/2 + DJ) / 2 + PE
    Total System Jitter (TSJ):  0.070ns
    Total Input Jitter (TIJ):   0.000ns
    Discrete Jitter (DJ):       0.000ns
    Phase Error (PE):           0.000ns

  Maximum Data Path at Slow Process Corner: reset_cond/M_stage_q_2 to reset_cond/M_stage_q_3
    Location             Delay type         Delay(ns)  Physical Resource
                                                       Logical Resource(s)
    -------------------------------------------------  -------------------
    SLICE_X7Y13.CQ       Tcko                  0.430   reset_cond/M_stage_q[2]
                                                       reset_cond/M_stage_q_2
    SLICE_X7Y13.A4       net (fanout=1)        0.302   reset_cond/M_stage_q[2]
    SLICE_X7Y13.CLK      Tas                   0.264   reset_cond/M_stage_q[2]
                                                       reset_cond/M_stage_q[2]_rt
                                                       reset_cond/M_stage_q_3
    -------------------------------------------------  ---------------------------
    Total                                      0.996ns (0.694ns logic, 0.302ns route)
                                                       (69.7% logic, 30.3% route)

--------------------------------------------------------------------------------

Component Switching Limit Checks: TS_clk = PERIOD TIMEGRP "clk" 50 MHz HIGH 50%;
--------------------------------------------------------------------------------
Slack: 17.334ns (period - min period limit)
  Period: 20.000ns
  Min period limit: 2.666ns (375.094MHz) (Tbcper_I)
  Physical resource: clk_BUFGP/BUFG/I0
  Logical resource: clk_BUFGP/BUFG/I0
  Location pin: BUFGMUX_X2Y11.I0
  Clock network: clk_BUFGP/IBUFG
--------------------------------------------------------------------------------
Slack: 19.525ns (period - min period limit)
  Period: 20.000ns
  Min period limit: 0.475ns (2105.263MHz) (Tcp)
  Physical resource: M_s_q_FSM_FFd2/CLK
  Logical resource: M_s_q_FSM_FFd1/CK
  Location pin: SLICE_X6Y13.CLK
  Clock network: clk_BUFGP
--------------------------------------------------------------------------------
Slack: 19.525ns (period - min period limit)
  Period: 20.000ns
  Min period limit: 0.475ns (2105.263MHz) (Tcp)
  Physical resource: M_s_q_FSM_FFd2/CLK
  Logical resource: M_s_q_FSM_FFd2/CK
  Location pin: SLICE_X6Y13.CLK
  Clock network: clk_BUFGP
--------------------------------------------------------------------------------
Slack: 19.530ns (period - min period limit)
  Period: 20.000ns
  Min period limit: 0.470ns (2127.660MHz) (Tcp)
  Physical resource: reset_cond/M_stage_q[2]/CLK
  Logical resource: reset_cond/M_stage_q_3/CK
  Location pin: SLICE_X7Y13.CLK
  Clock network: clk_BUFGP
--------------------------------------------------------------------------------
Slack: 19.530ns (period - (min high pulse limit / (high pulse / period)))
  Period: 20.000ns
  High pulse: 10.000ns
  High pulse limit: 0.235ns (Trpw)
  Physical resource: reset_cond/M_stage_q[2]/SR
  Logical resource: reset_cond/M_stage_q_3/SR
  Location pin: SLICE_X7Y13.SR
  Clock network: M_reset_cond_in
--------------------------------------------------------------------------------
Slack: 19.530ns (period - min period limit)
  Period: 20.000ns
  Min period limit: 0.470ns (2127.660MHz) (Tcp)
  Physical resource: reset_cond/M_stage_q[2]/CLK
  Logical resource: reset_cond/M_stage_q_0/CK
  Location pin: SLICE_X7Y13.CLK
  Clock network: clk_BUFGP
--------------------------------------------------------------------------------
Slack: 19.530ns (period - min period limit)
  Period: 20.000ns
  Min period limit: 0.470ns (2127.660MHz) (Tcp)
  Physical resource: reset_cond/M_stage_q[2]/CLK
  Logical resource: reset_cond/M_stage_q_1/CK
  Location pin: SLICE_X7Y13.CLK
  Clock network: clk_BUFGP
--------------------------------------------------------------------------------
Slack: 19.530ns (period - min period limit)
  Period: 20.000ns
  Min period limit: 0.470ns (2127.660MHz) (Tcp)
  Physical resource: reset_cond/M_stage_q[2]/CLK
  Logical resource: reset_cond/M_stage_q_2/CK
  Location pin: SLICE_X7Y13.CLK
  Clock network: clk_BUFGP
--------------------------------------------------------------------------------


All constraints were met.


Data Sheet report:
-----------------
All values displayed in nanoseconds (ns)

Clock to Setup on destination clock clk
---------------+---------+---------+---------+---------+
               | Src:Rise| Src:Fall| Src:Rise| Src:Fall|
Source Clock   |Dest:Rise|Dest:Rise|Dest:Fall|Dest:Fall|
---------------+---------+---------+---------+---------+
clk            |    1.661|         |         |         |
---------------+---------+---------+---------+---------+


Timing summary:
---------------

Timing errors: 0  Score: 0  (Setup/Max: 0, Hold: 0)

Constraints cover 9 paths, 0 nets, and 11 connections

Design statistics:
   Minimum period:   2.666ns{1}   (Maximum frequency: 375.094MHz)


------------------------------------Footnotes-----------------------------------
1)  The minimum period statistic assumes all single cycle delays.

Analysis completed Fri Dec 09 16:30:25 2016 
--------------------------------------------------------------------------------

Trace Settings:
-------------------------
Trace Settings 

Peak Memory Usage: 221 MB



